<?xml version="1.0" encoding="UTF-8"?><testsuites><testsuite errors="0" failures="0" tests="3" name="CryptoAPITests"><properties><property value="5.7.0" name="QTestVersion" /><property value="5.7.0" name="QtVersion" /><property value="Qt 5.7.0 (x86_64-little_endian-lp64 shared (dynamic) release build; by GCC 4.9.1 20140922 (Red Hat 4.9.1-10))" name="QtBuild" /></properties><testcase result="pass" name="CryptoAPITests::initTestCase" /><testcase result="pass" name="CryptoAPITests::EncryptDecryptBlockTest" /><testcase result="pass" name="CryptoAPITests::cleanupTestCase" /><system-err /></testsuite><testsuite errors="0" failures="0" tests="3" name="KeyStorageTests"><properties><property value="5.7.0" name="QTestVersion" /><property value="5.7.0" name="QtVersion" /><property value="Qt 5.7.0 (x86_64-little_endian-lp64 shared (dynamic) release build; by GCC 4.9.1 20140922 (Red Hat 4.9.1-10))" name="QtBuild" /></properties><testcase result="pass" name="KeyStorageTests::initTestCase" /><testcase result="pass" name="KeyStorageTests::KeyUsage" /><testcase result="pass" name="KeyStorageTests::cleanupTestCase" /><system-err /></testsuite><testsuite errors="0" failures="0" tests="3" name="CryptedStreamTests"><properties><property value="5.7.0" name="QTestVersion" /><property value="5.7.0" name="QtVersion" /><property value="Qt 5.7.0 (x86_64-little_endian-lp64 shared (dynamic) release build; by GCC 4.9.1 20140922 (Red Hat 4.9.1-10))" name="QtBuild" /></properties><testcase result="pass" name="CryptedStreamTests::initTestCase" /><testcase result="pass" name="CryptedStreamTests::CryptedStreamToMemory" /><testcase result="pass" name="CryptedStreamTests::cleanupTestCase" /><system-err /></testsuite><testsuite errors="2" failures="0" tests="3" name="PlatformHttpClientTest"><properties><property value="5.7.0" name="QTestVersion" /><property value="5.7.0" name="QtVersion" /><property value="Qt 5.7.0 (x86_64-little_endian-lp64 shared (dynamic) release build; by GCC 4.9.1 20140922 (Red Hat 4.9.1-10))" name="QtBuild" /></properties><testcase result="pass" name="PlatformHttpClientTest::initTestCase" /><testcase result="pass" name="PlatformHttpClientTest::testHttpClient"><!-- message="qt.network.ssl: QSslSocket: cannot resolve SSLv2_client_method" type="qwarn" --><!-- message="qt.network.ssl: QSslSocket: cannot resolve SSLv2_server_method" type="qwarn" --></testcase><testcase result="pass" name="PlatformHttpClientTest::cleanupTestCase" /><system-err><![CDATA[qt.network.ssl: QSslSocket: cannot resolve SSLv2_client_method]]><![CDATA[qt.network.ssl: QSslSocket: cannot resolve SSLv2_server_method]]></system-err></testsuite><testsuite errors="0" failures="0" tests="3" name="PlatformXmlTest"><properties><property value="5.7.0" name="QTestVersion" /><property value="5.7.0" name="QtVersion" /><property value="Qt 5.7.0 (x86_64-little_endian-lp64 shared (dynamic) release build; by GCC 4.9.1 20140922 (Red Hat 4.9.1-10))" name="QtBuild" /></properties><testcase result="pass" name="PlatformXmlTest::initTestCase" /><testcase result="pass" name="PlatformXmlTest::testSelectSingleNode" /><testcase result="pass" name="PlatformXmlTest::cleanupTestCase" /><system-err /></testsuite><testsuite errors="0" failures="0" tests="9" name="PlatformJsonObjectTest"><properties><property value="5.7.0" name="QTestVersion" /><property value="5.7.0" name="QtVersion" /><property value="Qt 5.7.0 (x86_64-little_endian-lp64 shared (dynamic) release build; by GCC 4.9.1 20140922 (Red Hat 4.9.1-10))" name="QtBuild" /></properties><testcase result="pass" name="PlatformJsonObjectTest::initTestCase" /><testcase result="pass" name="PlatformJsonObjectTest::testGetNamedString" /><testcase result="pass" name="PlatformJsonObjectTest::testGetNamedBool" /><testcase result="pass" name="PlatformJsonObjectTest::testGetNamedObject" /><testcase result="pass" name="PlatformJsonObjectTest::testStringify" /><testcase result="pass" name="PlatformJsonObjectTest::testSetNamedString" /><testcase result="pass" name="PlatformJsonObjectTest::testSetNamedObject" /><testcase result="pass" name="PlatformJsonObjectTest::testSetNamedArray" /><testcase result="pass" name="PlatformJsonObjectTest::cleanupTestCase" /><system-err /></testsuite><testsuite errors="0" failures="0" tests="5" name="PlatformJsonArrayTest"><properties><property value="5.7.0" name="QTestVersion" /><property value="5.7.0" name="QtVersion" /><property value="Qt 5.7.0 (x86_64-little_endian-lp64 shared (dynamic) release build; by GCC 4.9.1 20140922 (Red Hat 4.9.1-10))" name="QtBuild" /></properties><testcase result="pass" name="PlatformJsonArrayTest::initTestCase" /><testcase result="pass" name="PlatformJsonArrayTest::testGetStringAt" /><testcase result="pass" name="PlatformJsonArrayTest::testAppendObject" /><testcase result="pass" name="PlatformJsonArrayTest::testAppendString" /><testcase result="pass" name="PlatformJsonArrayTest::cleanupTestCase" /><system-err /></testsuite><testsuite errors="0" failures="0" tests="5" name="PlatformFileSystemTest"><properties><property value="5.7.0" name="QTestVersion" /><property value="5.7.0" name="QtVersion" /><property value="Qt 5.7.0 (x86_64-little_endian-lp64 shared (dynamic) release build; by GCC 4.9.1 20140922 (Red Hat 4.9.1-10))" name="QtBuild" /></properties><testcase result="pass" name="PlatformFileSystemTest::initTestCase" /><testcase result="pass" name="PlatformFileSystemTest::testOpenLocalStorageFile" /><testcase result="pass" name="PlatformFileSystemTest::testDeleteLocalStorageFile" /><testcase result="pass" name="PlatformFileSystemTest::testQueryLocalStorageFiles" /><testcase result="pass" name="PlatformFileSystemTest::cleanupTestCase" /><system-err /></testsuite><testsuite errors="0" failures="0" tests="8" name="PlatformFileTest"><properties><property value="5.7.0" name="QTestVersion" /><property value="5.7.0" name="QtVersion" /><property value="Qt 5.7.0 (x86_64-little_endian-lp64 shared (dynamic) release build; by GCC 4.9.1 20140922 (Red Hat 4.9.1-10))" name="QtBuild" /></properties><testcase result="pass" name="PlatformFileTest::initTestCase" /><testcase result="pass" name="PlatformFileTest::testRead" /><testcase result="pass" name="PlatformFileTest::testWrite" /><testcase result="pass" name="PlatformFileTest::testClear" /><testcase result="pass" name="PlatformFileTest::testReadAllAsText" /><testcase result="pass" name="PlatformFileTest::testAppendText" /><testcase result="pass" name="PlatformFileTest::testGetSize" /><testcase result="pass" name="PlatformFileTest::cleanupTestCase" /><system-err /></testsuite><testsuite errors="0" failures="0" tests="4" name="LicenseParserTest"><properties><property value="5.7.0" name="QTestVersion" /><property value="5.7.0" name="QtVersion" /><property value="Qt 5.7.0 (x86_64-little_endian-lp64 shared (dynamic) release build; by GCC 4.9.1 20140922 (Red Hat 4.9.1-10))" name="QtBuild" /></properties><testcase result="pass" name="LicenseParserTest::initTestCase" /><testcase result="pass" name="LicenseParserTest::test_UTF8_License" /><testcase result="pass" name="LicenseParserTest::test_UTF16LE_License" /><testcase result="pass" name="LicenseParserTest::cleanupTestCase" /><system-err /></testsuite></testsuites>
